<?xml version="1.0" encoding="utf-8"?><testsuites name="pytest tests"><testsuite name="pytest" errors="0" failures="2" skipped="0" tests="15" time="74.436" timestamp="2026-05-11T22:00:39.537086+00:00" hostname="agent-env-37e26e54-6516-49f5-9fcf-e8efbf6a1167"><testcase classname="backend.tests.test_lang.TestGreeting" name="test_greeting_arabic" time="0.721" /><testcase classname="backend.tests.test_lang.TestGreeting" name="test_greeting_english" time="0.138" /><testcase classname="backend.tests.test_lang.TestGreeting" name="test_greeting_default_is_arabic" time="0.135" /><testcase classname="backend.tests.test_lang.TestNotifications" name="test_notifications_arabic" time="0.124" /><testcase classname="backend.tests.test_lang.TestNotifications" name="test_notifications_english" time="0.186" /><testcase classname="backend.tests.test_lang.TestTimelineInsights" name="test_timeline_arabic" time="0.116" /><testcase classname="backend.tests.test_lang.TestTimelineInsights" name="test_timeline_english" time="0.129" /><testcase classname="backend.tests.test_lang.TestAIChat" name="test_chat_arabic" time="0.118"><failure message="AssertionError: {&quot;detail&quot;:[{&quot;type&quot;:&quot;missing&quot;,&quot;loc&quot;:[&quot;body&quot;,&quot;message&quot;],&quot;msg&quot;:&quot;Field required&quot;,&quot;input&quot;:{&quot;messages&quot;:[{&quot;role&quot;:&quot;user&quot;,&quot;content&quot;:&quot;Say hello in one short sentence.&quot;}]},&quot;url&quot;:&quot;https://errors.pydantic.dev/2.13/v/missing&quot;}]}&#10;assert 422 == 200&#10; +  where 422 = &lt;Response [422]&gt;.status_code">backend/tests/test_lang.py:131: in test_chat_arabic
    assert r.status_code == 200, r.text
E   AssertionError: {"detail":[{"type":"missing","loc":["body","message"],"msg":"Field required","input":{"messages":[{"role":"user","content":"Say hello in one short sentence."}]},"url":"https://errors.pydantic.dev/2.13/v/missing"}]}
E   assert 422 == 200
E    +  where 422 = &lt;Response [422]&gt;.status_code</failure></testcase><testcase classname="backend.tests.test_lang.TestAIChat" name="test_chat_english" time="0.102"><failure message="AssertionError: {&quot;detail&quot;:[{&quot;type&quot;:&quot;missing&quot;,&quot;loc&quot;:[&quot;body&quot;,&quot;message&quot;],&quot;msg&quot;:&quot;Field required&quot;,&quot;input&quot;:{&quot;messages&quot;:[{&quot;role&quot;:&quot;user&quot;,&quot;content&quot;:&quot;قل مرحباً بجملة قصيرة.&quot;}]},&quot;url&quot;:&quot;https://errors.pydantic.dev/2.13/v/missing&quot;}]}&#10;assert 422 == 200&#10; +  where 422 = &lt;Response [422]&gt;.status_code">backend/tests/test_lang.py:138: in test_chat_english
    assert r.status_code == 200, r.text
E   AssertionError: {"detail":[{"type":"missing","loc":["body","message"],"msg":"Field required","input":{"messages":[{"role":"user","content":"قل مرحباً بجملة قصيرة."}]},"url":"https://errors.pydantic.dev/2.13/v/missing"}]}
E   assert 422 == 200
E    +  where 422 = &lt;Response [422]&gt;.status_code</failure></testcase><testcase classname="backend.tests.test_lang.TestDailyBrief" name="test_daily_brief_arabic" time="10.348" /><testcase classname="backend.tests.test_lang.TestDailyBrief" name="test_daily_brief_english" time="5.662" /><testcase classname="backend.tests.test_lang.TestWeeklyReview" name="test_weekly_review_arabic" time="19.490" /><testcase classname="backend.tests.test_lang.TestWeeklyReview" name="test_weekly_review_english" time="15.951" /><testcase classname="backend.tests.test_lang.TestPrioritize" name="test_prioritize_arabic" time="13.388" /><testcase classname="backend.tests.test_lang.TestPrioritize" name="test_prioritize_english" time="7.728" /></testsuite></testsuites>