<?xml version="1.0" encoding="utf-8"?><testsuites name="pytest tests"><testsuite name="pytest" errors="0" failures="0" skipped="0" tests="16" time="3.847" timestamp="2026-05-17T12:35:56.514460+00:00" hostname="agent-env-37e26e54-6516-49f5-9fcf-e8efbf6a1167"><testcase classname="backend.tests.test_phase4_reminders.TestOffsetMinutes" name="test_offset_minutes_15_subtracts_from_due_date" time="0.585" /><testcase classname="backend.tests.test_phase4_reminders.TestOffsetMinutes" name="test_offset_minutes_without_due_date_400" time="0.151" /><testcase classname="backend.tests.test_phase4_reminders.TestOffsetMinutes" name="test_no_fire_at_and_no_offset_400" time="0.149" /><testcase classname="backend.tests.test_phase4_reminders.TestRecipients" name="test_recipient_ids_other_user_visible_in_their_list" time="0.774" /><testcase classname="backend.tests.test_phase4_reminders.TestRecipients" name="test_default_recipient_task_assignee" time="0.189" /><testcase classname="backend.tests.test_phase4_reminders.TestRecipients" name="test_default_recipient_task_owner_when_no_assignee" time="0.180" /><testcase classname="backend.tests.test_phase4_reminders.TestRecipients" name="test_default_recipient_note_owner" time="0.180" /><testcase classname="backend.tests.test_phase4_reminders.TestSendNow" name="test_send_now_by_reminder_id_marks_sent_no_500" time="0.280" /><testcase classname="backend.tests.test_phase4_reminders.TestSendNow" name="test_send_now_ephemeral_by_entity" time="0.138" /><testcase classname="backend.tests.test_phase4_reminders.TestSendNow" name="test_send_now_invalid_reminder_id_404" time="0.045" /><testcase classname="backend.tests.test_phase4_reminders.TestPatchDelete" name="test_patch_fire_at_resets_sent_false" time="0.367" /><testcase classname="backend.tests.test_phase4_reminders.TestPatchDelete" name="test_delete_creator_succeeds_noncreator_silent" time="0.315" /><testcase classname="backend.tests.test_phase4_reminders.TestSettingsReminders" name="test_get_workspace_defaults_and_personal" time="0.046" /><testcase classname="backend.tests.test_phase4_reminders.TestSettingsReminders" name="test_put_workspace_as_admin_then_revert" time="0.196" /><testcase classname="backend.tests.test_phase4_reminders.TestSettingsReminders" name="test_put_workspace_as_non_admin_403" time="0.044" /><testcase classname="backend.tests.test_phase4_reminders.TestSettingsReminders" name="test_put_personal_prefs" time="0.138" /></testsuite></testsuites>