<?xml version="1.0" encoding="utf-8"?><testsuites name="pytest tests"><testsuite name="pytest" errors="0" failures="0" skipped="0" tests="29" time="7.565" timestamp="2026-05-17T12:36:06.420861+00:00" hostname="agent-env-37e26e54-6516-49f5-9fcf-e8efbf6a1167"><testcase classname="backend.tests.test_phase3.TestAuthV3" name="test_login_returns_token_and_session_hours_when_no_smtp" time="0.349" /><testcase classname="backend.tests.test_phase3.TestAuthV3" name="test_register_disabled_403" time="0.046" /><testcase classname="backend.tests.test_phase3.TestAuthV3" name="test_otp_verify_invalid_id_404" time="0.082" /><testcase classname="backend.tests.test_phase3.TestAuthV3" name="test_accept_invite_invalid_token_404" time="0.045" /><testcase classname="backend.tests.test_phase3.TestAuthV3" name="test_change_password_wrong_current_400" time="0.531" /><testcase classname="backend.tests.test_phase3.TestAuthV3" name="test_change_password_short_new_pwd_blocked" time="0.308" /><testcase classname="backend.tests.test_phase3.TestAuthV3" name="test_change_password_success_on_invitee" time="1.299" /><testcase classname="backend.tests.test_phase3.TestSMTP" name="test_smtp_get_default" time="0.045" /><testcase classname="backend.tests.test_phase3.TestSMTP" name="test_smtp_put_then_has_password_true" time="0.173" /><testcase classname="backend.tests.test_phase3.TestSMTP" name="test_smtp_test_returns_400_when_not_configured" time="0.087" /><testcase classname="backend.tests.test_phase3.TestEmailTemplates" name="test_list_returns_4_keys" time="0.044" /><testcase classname="backend.tests.test_phase3.TestEmailTemplates" name="test_put_override_then_reset" time="0.218" /><testcase classname="backend.tests.test_phase3.TestEmailTemplates" name="test_put_unknown_key_400" time="0.041" /><testcase classname="backend.tests.test_phase3.TestTeamInviteRole" name="test_invite_with_role_and_revoke" time="0.395" /><testcase classname="backend.tests.test_phase3.TestProjectSharing" name="test_list_projects_includes_my_role_field" time="0.093" /><testcase classname="backend.tests.test_phase3.TestProjectSharing" name="test_share_with_editor_role" time="0.317" /><testcase classname="backend.tests.test_phase3.TestProjectSharing" name="test_members_lists_owner_and_member" time="0.042" /><testcase classname="backend.tests.test_phase3.TestProjectSharing" name="test_patch_member_role_to_viewer" time="0.126" /><testcase classname="backend.tests.test_phase3.TestProjectSharing" name="test_non_owner_cannot_share_403" time="0.309" /><testcase classname="backend.tests.test_phase3.TestProjectSharing" name="test_remove_member" time="0.136" /><testcase classname="backend.tests.test_phase3.TestTaskAssignment" name="test_create_task_with_assignee_no_500" time="0.444" /><testcase classname="backend.tests.test_phase3.TestTaskAssignment" name="test_tasks_scope_and_filters" time="0.169" /><testcase classname="backend.tests.test_phase3.TestTaskAssignment" name="test_non_member_cannot_access_other_project_tasks" time="0.711" /><testcase classname="backend.tests.test_phase3.TestReminders" name="test_reminder_task_crud" time="0.302" /><testcase classname="backend.tests.test_phase3.TestReminders" name="test_reminder_note_crud" time="0.172" /><testcase classname="backend.tests.test_phase3.TestReminders" name="test_reminder_invalid_entity_400" time="0.181" /><testcase classname="backend.tests.test_phase3.TestCalendar" name="test_create_list_synthetic_delete" time="0.388" /><testcase classname="backend.tests.test_phase3.TestCanvas" name="test_canvas_full_crud" time="0.390" /><testcase classname="backend.tests.test_phase3.TestSecurityHeaders" name="test_security_headers_present" time="0.040" /></testsuite></testsuites>