<?xml version="1.0" encoding="utf-8"?><testsuites name="pytest tests"><testsuite name="pytest" errors="0" failures="0" skipped="0" tests="23" time="38.707" timestamp="2026-05-11T19:58:19.796133+00:00" hostname="agent-env-37e26e54-6516-49f5-9fcf-e8efbf6a1167"><testcase classname="backend.tests.test_phase2.TestAISettings" name="test_get_settings_shape" time="0.419" /><testcase classname="backend.tests.test_phase2.TestAISettings" name="test_update_model" time="0.152" /><testcase classname="backend.tests.test_phase2.TestAISettings" name="test_set_and_clear_api_key" time="0.150" /><testcase classname="backend.tests.test_phase2.TestAISettings" name="test_connection_test_pong" time="1.085" /><testcase classname="backend.tests.test_phase2.TestAISettings" name="test_usage_counters_increment" time="2.985" /><testcase classname="backend.tests.test_phase2.TestDailyBrief" name="test_daily_brief_shape" time="8.288" /><testcase classname="backend.tests.test_phase2.TestWeeklyReview" name="test_weekly_review_shape" time="14.795" /><testcase classname="backend.tests.test_phase2.TestDependencies" name="test_graph" time="0.263" /><testcase classname="backend.tests.test_phase2.TestDependencies" name="test_bottlenecks" time="0.044" /><testcase classname="backend.tests.test_phase2.TestDependencies" name="test_task_dependencies" time="0.048" /><testcase classname="backend.tests.test_phase2.TestDependencies" name="test_task_dep_404" time="0.272" /><testcase classname="backend.tests.test_phase2.TestMemory" name="test_memory_crud" time="0.188" /><testcase classname="backend.tests.test_phase2.TestMemory" name="test_memory_extract" time="5.919" /><testcase classname="backend.tests.test_phase2.TestShareBrief" name="test_create_and_get_unique_tokens" time="0.560" /><testcase classname="backend.tests.test_phase2.TestShareBrief" name="test_invalid_token_404" time="0.123" /><testcase classname="backend.tests.test_phase2.TestShareBrief" name="test_list_briefs_requires_auth" time="0.240" /><testcase classname="backend.tests.test_phase2.TestShareBrief" name="test_delete_only_by_owner" time="0.701" /><testcase classname="backend.tests.test_phase2.TestIntelligence" name="test_intelligence_shape" time="0.048" /><testcase classname="backend.tests.test_phase2.TestRegression" name="test_login_still_works" time="0.271" /><testcase classname="backend.tests.test_phase2.TestRegression" name="test_dashboard_summary" time="0.048" /><testcase classname="backend.tests.test_phase2.TestRegression" name="test_tasks_crud_still_works" time="0.138" /><testcase classname="backend.tests.test_phase2.TestWebSocket" name="test_ws_rejects_invalid_token" time="0.159" /><testcase classname="backend.tests.test_phase2.TestWebSocket" name="test_ws_accepts_valid_token" time="1.743" /></testsuite></testsuites>