<?xml version="1.0" encoding="utf-8"?><testsuites name="pytest tests"><testsuite name="pytest" errors="0" failures="1" skipped="0" tests="25" time="32.042" timestamp="2026-05-10T22:04:10.556506+00:00" hostname="agent-env-37e26e54-6516-49f5-9fcf-e8efbf6a1167"><testcase classname="backend.tests.backend_test" name="test_root" time="0.247" /><testcase classname="backend.tests.backend_test.TestAuth" name="test_register_new_user" time="0.312"><failure message="AssertionError: assert 'test_user_c1...d@opscore.app' == 'TEST_user_c1...d@opscore.app'&#10;  &#10;  - TEST_user_c133b13d@opscore.app&#10;  ? ^^^^&#10;  + test_user_c133b13d@opscore.app&#10;  ? ^^^^">backend/tests/backend_test.py:64: in test_register_new_user
    assert data["user"]["email"] == email
E   AssertionError: assert 'test_user_c1...d@opscore.app' == 'TEST_user_c1...d@opscore.app'
E     
E     - TEST_user_c133b13d@opscore.app
E     ? ^^^^
E     + test_user_c133b13d@opscore.app
E     ? ^^^^</failure></testcase><testcase classname="backend.tests.backend_test.TestAuth" name="test_register_duplicate_fails" time="0.051" /><testcase classname="backend.tests.backend_test.TestAuth" name="test_login_success" time="0.268" /><testcase classname="backend.tests.backend_test.TestAuth" name="test_login_invalid" time="0.270" /><testcase classname="backend.tests.backend_test.TestAuth" name="test_me_requires_token" time="0.169" /><testcase classname="backend.tests.backend_test.TestAuth" name="test_me_invalid_token" time="0.048" /><testcase classname="backend.tests.backend_test.TestAuth" name="test_me_with_valid_token" time="0.322" /><testcase classname="backend.tests.backend_test.TestProjects" name="test_project_crud" time="0.452" /><testcase classname="backend.tests.backend_test.TestProjects" name="test_project_requires_auth" time="0.045" /><testcase classname="backend.tests.backend_test.TestTasks" name="test_task_full_crud" time="0.478" /><testcase classname="backend.tests.backend_test.TestNotes" name="test_note_crud" time="0.249" /><testcase classname="backend.tests.backend_test.TestDashboard" name="test_summary_shape" time="0.061" /><testcase classname="backend.tests.backend_test.TestAnalytics" name="test_overview" time="0.081" /><testcase classname="backend.tests.backend_test.TestTeam" name="test_invite_without_resend_key" time="0.072" /><testcase classname="backend.tests.backend_test.TestTeam" name="test_list_invites" time="0.050" /><testcase classname="backend.tests.backend_test.TestTeam" name="test_list_members" time="0.052" /><testcase classname="backend.tests.backend_test.TestNotifications" name="test_overdue_and_blocked_detection" time="0.340" /><testcase classname="backend.tests.backend_test.TestFocus" name="test_focus_increments_task_actual" time="0.270" /><testcase classname="backend.tests.backend_test.TestAI" name="test_ai_chat_and_multi_turn" time="2.921" /><testcase classname="backend.tests.backend_test.TestAI" name="test_ai_conversations_list_and_get" time="1.532" /><testcase classname="backend.tests.backend_test.TestAI" name="test_ai_rewrite" time="1.159" /><testcase classname="backend.tests.backend_test.TestAI" name="test_ai_breakdown_persists_subtasks" time="10.901" /><testcase classname="backend.tests.backend_test.TestAI" name="test_ai_summarize_project" time="6.868" /><testcase classname="backend.tests.backend_test.TestAI" name="test_ai_prioritize" time="4.520" /></testsuite></testsuites>